<?xml version="1.0" encoding="UTF-8"?>
<testsuite xmlns:xsi="http://www.w3.org/2001/XMLSchema-instance" xsi:noNamespaceSchemaLocation="https://maven.apache.org/surefire/maven-surefire-plugin/xsd/surefire-test-report.xsd" version="3.0.2" name="com.tyler.restaurant.inventory.RestaurantInventoryApplicationTests" time="2.684" tests="1" errors="0" skipped="0" failures="0">
  <properties>
    <property name="java.specification.version" value="23"/>
    <property name="sun.jnu.encoding" value="UTF-8"/>
    <property name="java.class.path" value="/Users/tylerantonaras/Desktop/Databases Project/restaurant-inventory/target/test-classes:/Users/tylerantonaras/Desktop/Databases Project/restaurant-inventory/target/classes:/Users/tylerantonaras/.m2/repository/org/springframework/boot/spring-boot-starter-web/3.4.0/spring-boot-starter-web-3.4.0.jar:/Users/tylerantonaras/.m2/repository/org/springframework/boot/spring-boot-starter/3.4.0/spring-boot-starter-3.4.0.jar:/Users/tylerantonaras/.m2/repository/org/springframework/boot/spring-boot/3.4.0/spring-boot-3.4.0.jar:/Users/tylerantonaras/.m2/repository/org/springframework/boot/spring-boot-autoconfigure/3.4.0/spring-boot-autoconfigure-3.4.0.jar:/Users/tylerantonaras/.m2/repository/org/springframework/boot/spring-boot-starter-logging/3.4.0/spring-boot-starter-logging-3.4.0.jar:/Users/tylerantonaras/.m2/repository/ch/qos/logback/logback-classic/1.5.12/logback-classic-1.5.12.jar:/Users/tylerantonaras/.m2/repository/ch/qos/logback/logback-core/1.5.12/logback-core-1.5.12.jar:/Users/tylerantonaras/.m2/repository/org/apache/logging/log4j/log4j-to-slf4j/2.24.1/log4j-to-slf4j-2.24.1.jar:/Users/tylerantonaras/.m2/repository/org/apache/logging/log4j/log4j-api/2.24.1/log4j-api-2.24.1.jar:/Users/tylerantonaras/.m2/repository/org/slf4j/jul-to-slf4j/2.0.16/jul-to-slf4j-2.0.16.jar:/Users/tylerantonaras/.m2/repository/jakarta/annotation/jakarta.annotation-api/2.1.1/jakarta.annotation-api-2.1.1.jar:/Users/tylerantonaras/.m2/repository/org/yaml/snakeyaml/2.3/snakeyaml-2.3.jar:/Users/tylerantonaras/.m2/repository/org/springframework/boot/spring-boot-starter-json/3.4.0/spring-boot-starter-json-3.4.0.jar:/Users/tylerantonaras/.m2/repository/com/fasterxml/jackson/core/jackson-databind/2.18.1/jackson-databind-2.18.1.jar:/Users/tylerantonaras/.m2/repository/com/fasterxml/jackson/core/jackson-annotations/2.18.1/jackson-annotations-2.18.1.jar:/Users/tylerantonaras/.m2/repository/com/fasterxml/jackson/core/jackson-core/2.18.1/jackson-core-2.18.1.jar:/Users/tylerantonaras/.m2/repository/com/fasterxml/jackson/datatype/jackson-datatype-jdk8/2.18.1/jackson-datatype-jdk8-2.18.1.jar:/Users/tylerantonaras/.m2/repository/com/fasterxml/jackson/datatype/jackson-datatype-jsr310/2.18.1/jackson-datatype-jsr310-2.18.1.jar:/Users/tylerantonaras/.m2/repository/com/fasterxml/jackson/module/jackson-module-parameter-names/2.18.1/jackson-module-parameter-names-2.18.1.jar:/Users/tylerantonaras/.m2/repository/org/springframework/boot/spring-boot-starter-tomcat/3.4.0/spring-boot-starter-tomcat-3.4.0.jar:/Users/tylerantonaras/.m2/repository/org/apache/tomcat/embed/tomcat-embed-core/10.1.33/tomcat-embed-core-10.1.33.jar:/Users/tylerantonaras/.m2/repository/org/apache/tomcat/embed/tomcat-embed-el/10.1.33/tomcat-embed-el-10.1.33.jar:/Users/tylerantonaras/.m2/repository/org/apache/tomcat/embed/tomcat-embed-websocket/10.1.33/tomcat-embed-websocket-10.1.33.jar:/Users/tylerantonaras/.m2/repository/org/springframework/spring-web/6.2.0/spring-web-6.2.0.jar:/Users/tylerantonaras/.m2/repository/org/springframework/spring-beans/6.2.0/spring-beans-6.2.0.jar:/Users/tylerantonaras/.m2/repository/io/micrometer/micrometer-observation/1.14.1/micrometer-observation-1.14.1.jar:/Users/tylerantonaras/.m2/repository/io/micrometer/micrometer-commons/1.14.1/micrometer-commons-1.14.1.jar:/Users/tylerantonaras/.m2/repository/org/springframework/spring-webmvc/6.2.0/spring-webmvc-6.2.0.jar:/Users/tylerantonaras/.m2/repository/org/springframework/spring-aop/6.2.0/spring-aop-6.2.0.jar:/Users/tylerantonaras/.m2/repository/org/springframework/spring-context/6.2.0/spring-context-6.2.0.jar:/Users/tylerantonaras/.m2/repository/org/springframework/spring-expression/6.2.0/spring-expression-6.2.0.jar:/Users/tylerantonaras/.m2/repository/org/springframework/boot/spring-boot-starter-data-jpa/3.4.0/spring-boot-starter-data-jpa-3.4.0.jar:/Users/tylerantonaras/.m2/repository/org/springframework/boot/spring-boot-starter-jdbc/3.4.0/spring-boot-starter-jdbc-3.4.0.jar:/Users/tylerantonaras/.m2/repository/com/zaxxer/HikariCP/5.1.0/HikariCP-5.1.0.jar:/Users/tylerantonaras/.m2/repository/org/springframework/spring-jdbc/6.2.0/spring-jdbc-6.2.0.jar:/Users/tylerantonaras/.m2/repository/org/hibernate/orm/hibernate-core/6.6.2.Final/hibernate-core-6.6.2.Final.jar:/Users/tylerantonaras/.m2/repository/jakarta/persistence/jakarta.persistence-api/3.1.0/jakarta.persistence-api-3.1.0.jar:/Users/tylerantonaras/.m2/repository/jakarta/transaction/jakarta.transaction-api/2.0.1/jakarta.transaction-api-2.0.1.jar:/Users/tylerantonaras/.m2/repository/org/jboss/logging/jboss-logging/3.6.1.Final/jboss-logging-3.6.1.Final.jar:/Users/tylerantonaras/.m2/repository/org/hibernate/common/hibernate-commons-annotations/7.0.3.Final/hibernate-commons-annotations-7.0.3.Final.jar:/Users/tylerantonaras/.m2/repository/io/smallrye/jandex/3.2.0/jandex-3.2.0.jar:/Users/tylerantonaras/.m2/repository/com/fasterxml/classmate/1.7.0/classmate-1.7.0.jar:/Users/tylerantonaras/.m2/repository/net/bytebuddy/byte-buddy/1.15.10/byte-buddy-1.15.10.jar:/Users/tylerantonaras/.m2/repository/org/glassfish/jaxb/jaxb-runtime/4.0.5/jaxb-runtime-4.0.5.jar:/Users/tylerantonaras/.m2/repository/org/glassfish/jaxb/jaxb-core/4.0.5/jaxb-core-4.0.5.jar:/Users/tylerantonaras/.m2/repository/org/eclipse/angus/angus-activation/2.0.2/angus-activation-2.0.2.jar:/Users/tylerantonaras/.m2/repository/org/glassfish/jaxb/txw2/4.0.5/txw2-4.0.5.jar:/Users/tylerantonaras/.m2/repository/com/sun/istack/istack-commons-runtime/4.1.2/istack-commons-runtime-4.1.2.jar:/Users/tylerantonaras/.m2/repository/jakarta/inject/jakarta.inject-api/2.0.1/jakarta.inject-api-2.0.1.jar:/Users/tylerantonaras/.m2/repository/org/antlr/antlr4-runtime/4.13.0/antlr4-runtime-4.13.0.jar:/Users/tylerantonaras/.m2/repository/org/springframework/data/spring-data-jpa/3.4.0/spring-data-jpa-3.4.0.jar:/Users/tylerantonaras/.m2/repository/org/springframework/data/spring-data-commons/3.4.0/spring-data-commons-3.4.0.jar:/Users/tylerantonaras/.m2/repository/org/springframework/spring-orm/6.2.0/spring-orm-6.2.0.jar:/Users/tylerantonaras/.m2/repository/org/springframework/spring-tx/6.2.0/spring-tx-6.2.0.jar:/Users/tylerantonaras/.m2/repository/org/slf4j/slf4j-api/2.0.16/slf4j-api-2.0.16.jar:/Users/tylerantonaras/.m2/repository/org/springframework/spring-aspects/6.2.0/spring-aspects-6.2.0.jar:/Users/tylerantonaras/.m2/repository/org/aspectj/aspectjweaver/1.9.22.1/aspectjweaver-1.9.22.1.jar:/Users/tylerantonaras/.m2/repository/com/mysql/mysql-connector-j/9.1.0/mysql-connector-j-9.1.0.jar:/Users/tylerantonaras/.m2/repository/jakarta/validation/jakarta.validation-api/3.0.2/jakarta.validation-api-3.0.2.jar:/Users/tylerantonaras/.m2/repository/org/springframework/boot/spring-boot-starter-test/3.4.0/spring-boot-starter-test-3.4.0.jar:/Users/tylerantonaras/.m2/repository/org/springframework/boot/spring-boot-test/3.4.0/spring-boot-test-3.4.0.jar:/Users/tylerantonaras/.m2/repository/org/springframework/boot/spring-boot-test-autoconfigure/3.4.0/spring-boot-test-autoconfigure-3.4.0.jar:/Users/tylerantonaras/.m2/repository/com/jayway/jsonpath/json-path/2.9.0/json-path-2.9.0.jar:/Users/tylerantonaras/.m2/repository/jakarta/xml/bind/jakarta.xml.bind-api/4.0.2/jakarta.xml.bind-api-4.0.2.jar:/Users/tylerantonaras/.m2/repository/jakarta/activation/jakarta.activation-api/2.1.3/jakarta.activation-api-2.1.3.jar:/Users/tylerantonaras/.m2/repository/net/minidev/json-smart/2.5.1/json-smart-2.5.1.jar:/Users/tylerantonaras/.m2/repository/net/minidev/accessors-smart/2.5.1/accessors-smart-2.5.1.jar:/Users/tylerantonaras/.m2/repository/org/ow2/asm/asm/9.6/asm-9.6.jar:/Users/tylerantonaras/.m2/repository/org/assertj/assertj-core/3.26.3/assertj-core-3.26.3.jar:/Users/tylerantonaras/.m2/repository/org/awaitility/awaitility/4.2.2/awaitility-4.2.2.jar:/Users/tylerantonaras/.m2/repository/org/hamcrest/hamcrest/2.2/hamcrest-2.2.jar:/Users/tylerantonaras/.m2/repository/org/junit/jupiter/junit-jupiter/5.11.3/junit-jupiter-5.11.3.jar:/Users/tylerantonaras/.m2/repository/org/junit/jupiter/junit-jupiter-api/5.11.3/junit-jupiter-api-5.11.3.jar:/Users/tylerantonaras/.m2/repository/org/opentest4j/opentest4j/1.3.0/opentest4j-1.3.0.jar:/Users/tylerantonaras/.m2/repository/org/junit/platform/junit-platform-commons/1.11.3/junit-platform-commons-1.11.3.jar:/Users/tylerantonaras/.m2/repository/org/apiguardian/apiguardian-api/1.1.2/apiguardian-api-1.1.2.jar:/Users/tylerantonaras/.m2/repository/org/junit/jupiter/junit-jupiter-params/5.11.3/junit-jupiter-params-5.11.3.jar:/Users/tylerantonaras/.m2/repository/org/junit/jupiter/junit-jupiter-engine/5.11.3/junit-jupiter-engine-5.11.3.jar:/Users/tylerantonaras/.m2/repository/org/junit/platform/junit-platform-engine/1.11.3/junit-platform-engine-1.11.3.jar:/Users/tylerantonaras/.m2/repository/org/mockito/mockito-core/5.14.2/mockito-core-5.14.2.jar:/Users/tylerantonaras/.m2/repository/net/bytebuddy/byte-buddy-agent/1.15.10/byte-buddy-agent-1.15.10.jar:/Users/tylerantonaras/.m2/repository/org/objenesis/objenesis/3.3/objenesis-3.3.jar:/Users/tylerantonaras/.m2/repository/org/mockito/mockito-junit-jupiter/5.14.2/mockito-junit-jupiter-5.14.2.jar:/Users/tylerantonaras/.m2/repository/org/skyscreamer/jsonassert/1.5.3/jsonassert-1.5.3.jar:/Users/tylerantonaras/.m2/repository/com/vaadin/external/google/android-json/0.0.20131108.vaadin1/android-json-0.0.20131108.vaadin1.jar:/Users/tylerantonaras/.m2/repository/org/springframework/spring-core/6.2.0/spring-core-6.2.0.jar:/Users/tylerantonaras/.m2/repository/org/springframework/spring-jcl/6.2.0/spring-jcl-6.2.0.jar:/Users/tylerantonaras/.m2/repository/org/springframework/spring-test/6.2.0/spring-test-6.2.0.jar:/Users/tylerantonaras/.m2/repository/org/xmlunit/xmlunit-core/2.10.0/xmlunit-core-2.10.0.jar:"/>
    <property name="java.vm.vendor" value="Homebrew"/>
    <property name="sun.arch.data.model" value="64"/>
    <property name="java.vendor.url" value="https://github.com/Homebrew/homebrew-core/issues"/>
    <property name="user.timezone" value="America/New_York"/>
    <property name="org.jboss.logging.provider" value="slf4j"/>
    <property name="os.name" value="Mac OS X"/>
    <property name="java.vm.specification.version" value="23"/>
    <property name="APPLICATION_NAME" value="Restaurant Inventory"/>
    <property name="sun.java.launcher" value="SUN_STANDARD"/>
    <property name="user.country" value="US"/>
    <property name="sun.boot.library.path" value="/opt/homebrew/Cellar/openjdk/23.0.1/libexec/openjdk.jdk/Contents/Home/lib"/>
    <property name="sun.java.command" value="/Users/tylerantonaras/Desktop/Databases Project/restaurant-inventory/target/surefire/surefirebooter-20241210010456012_3.jar /Users/tylerantonaras/Desktop/Databases Project/restaurant-inventory/target/surefire 2024-12-10T01-04-55_973-jvmRun1 surefire-20241210010456012_1tmp surefire_0-20241210010456012_2tmp"/>
    <property name="http.nonProxyHosts" value="local|*.local|169.254/16|*.169.254/16"/>
    <property name="jdk.debug" value="release"/>
    <property name="surefire.test.class.path" value="/Users/tylerantonaras/Desktop/Databases Project/restaurant-inventory/target/test-classes:/Users/tylerantonaras/Desktop/Databases Project/restaurant-inventory/target/classes:/Users/tylerantonaras/.m2/repository/org/springframework/boot/spring-boot-starter-web/3.4.0/spring-boot-starter-web-3.4.0.jar:/Users/tylerantonaras/.m2/repository/org/springframework/boot/spring-boot-starter/3.4.0/spring-boot-starter-3.4.0.jar:/Users/tylerantonaras/.m2/repository/org/springframework/boot/spring-boot/3.4.0/spring-boot-3.4.0.jar:/Users/tylerantonaras/.m2/repository/org/springframework/boot/spring-boot-autoconfigure/3.4.0/spring-boot-autoconfigure-3.4.0.jar:/Users/tylerantonaras/.m2/repository/org/springframework/boot/spring-boot-starter-logging/3.4.0/spring-boot-starter-logging-3.4.0.jar:/Users/tylerantonaras/.m2/repository/ch/qos/logback/logback-classic/1.5.12/logback-classic-1.5.12.jar:/Users/tylerantonaras/.m2/repository/ch/qos/logback/logback-core/1.5.12/logback-core-1.5.12.jar:/Users/tylerantonaras/.m2/repository/org/apache/logging/log4j/log4j-to-slf4j/2.24.1/log4j-to-slf4j-2.24.1.jar:/Users/tylerantonaras/.m2/repository/org/apache/logging/log4j/log4j-api/2.24.1/log4j-api-2.24.1.jar:/Users/tylerantonaras/.m2/repository/org/slf4j/jul-to-slf4j/2.0.16/jul-to-slf4j-2.0.16.jar:/Users/tylerantonaras/.m2/repository/jakarta/annotation/jakarta.annotation-api/2.1.1/jakarta.annotation-api-2.1.1.jar:/Users/tylerantonaras/.m2/repository/org/yaml/snakeyaml/2.3/snakeyaml-2.3.jar:/Users/tylerantonaras/.m2/repository/org/springframework/boot/spring-boot-starter-json/3.4.0/spring-boot-starter-json-3.4.0.jar:/Users/tylerantonaras/.m2/repository/com/fasterxml/jackson/core/jackson-databind/2.18.1/jackson-databind-2.18.1.jar:/Users/tylerantonaras/.m2/repository/com/fasterxml/jackson/core/jackson-annotations/2.18.1/jackson-annotations-2.18.1.jar:/Users/tylerantonaras/.m2/repository/com/fasterxml/jackson/core/jackson-core/2.18.1/jackson-core-2.18.1.jar:/Users/tylerantonaras/.m2/repository/com/fasterxml/jackson/datatype/jackson-datatype-jdk8/2.18.1/jackson-datatype-jdk8-2.18.1.jar:/Users/tylerantonaras/.m2/repository/com/fasterxml/jackson/datatype/jackson-datatype-jsr310/2.18.1/jackson-datatype-jsr310-2.18.1.jar:/Users/tylerantonaras/.m2/repository/com/fasterxml/jackson/module/jackson-module-parameter-names/2.18.1/jackson-module-parameter-names-2.18.1.jar:/Users/tylerantonaras/.m2/repository/org/springframework/boot/spring-boot-starter-tomcat/3.4.0/spring-boot-starter-tomcat-3.4.0.jar:/Users/tylerantonaras/.m2/repository/org/apache/tomcat/embed/tomcat-embed-core/10.1.33/tomcat-embed-core-10.1.33.jar:/Users/tylerantonaras/.m2/repository/org/apache/tomcat/embed/tomcat-embed-el/10.1.33/tomcat-embed-el-10.1.33.jar:/Users/tylerantonaras/.m2/repository/org/apache/tomcat/embed/tomcat-embed-websocket/10.1.33/tomcat-embed-websocket-10.1.33.jar:/Users/tylerantonaras/.m2/repository/org/springframework/spring-web/6.2.0/spring-web-6.2.0.jar:/Users/tylerantonaras/.m2/repository/org/springframework/spring-beans/6.2.0/spring-beans-6.2.0.jar:/Users/tylerantonaras/.m2/repository/io/micrometer/micrometer-observation/1.14.1/micrometer-observation-1.14.1.jar:/Users/tylerantonaras/.m2/repository/io/micrometer/micrometer-commons/1.14.1/micrometer-commons-1.14.1.jar:/Users/tylerantonaras/.m2/repository/org/springframework/spring-webmvc/6.2.0/spring-webmvc-6.2.0.jar:/Users/tylerantonaras/.m2/repository/org/springframework/spring-aop/6.2.0/spring-aop-6.2.0.jar:/Users/tylerantonaras/.m2/repository/org/springframework/spring-context/6.2.0/spring-context-6.2.0.jar:/Users/tylerantonaras/.m2/repository/org/springframework/spring-expression/6.2.0/spring-expression-6.2.0.jar:/Users/tylerantonaras/.m2/repository/org/springframework/boot/spring-boot-starter-data-jpa/3.4.0/spring-boot-starter-data-jpa-3.4.0.jar:/Users/tylerantonaras/.m2/repository/org/springframework/boot/spring-boot-starter-jdbc/3.4.0/spring-boot-starter-jdbc-3.4.0.jar:/Users/tylerantonaras/.m2/repository/com/zaxxer/HikariCP/5.1.0/HikariCP-5.1.0.jar:/Users/tylerantonaras/.m2/repository/org/springframework/spring-jdbc/6.2.0/spring-jdbc-6.2.0.jar:/Users/tylerantonaras/.m2/repository/org/hibernate/orm/hibernate-core/6.6.2.Final/hibernate-core-6.6.2.Final.jar:/Users/tylerantonaras/.m2/repository/jakarta/persistence/jakarta.persistence-api/3.1.0/jakarta.persistence-api-3.1.0.jar:/Users/tylerantonaras/.m2/repository/jakarta/transaction/jakarta.transaction-api/2.0.1/jakarta.transaction-api-2.0.1.jar:/Users/tylerantonaras/.m2/repository/org/jboss/logging/jboss-logging/3.6.1.Final/jboss-logging-3.6.1.Final.jar:/Users/tylerantonaras/.m2/repository/org/hibernate/common/hibernate-commons-annotations/7.0.3.Final/hibernate-commons-annotations-7.0.3.Final.jar:/Users/tylerantonaras/.m2/repository/io/smallrye/jandex/3.2.0/jandex-3.2.0.jar:/Users/tylerantonaras/.m2/repository/com/fasterxml/classmate/1.7.0/classmate-1.7.0.jar:/Users/tylerantonaras/.m2/repository/net/bytebuddy/byte-buddy/1.15.10/byte-buddy-1.15.10.jar:/Users/tylerantonaras/.m2/repository/org/glassfish/jaxb/jaxb-runtime/4.0.5/jaxb-runtime-4.0.5.jar:/Users/tylerantonaras/.m2/repository/org/glassfish/jaxb/jaxb-core/4.0.5/jaxb-core-4.0.5.jar:/Users/tylerantonaras/.m2/repository/org/eclipse/angus/angus-activation/2.0.2/angus-activation-2.0.2.jar:/Users/tylerantonaras/.m2/repository/org/glassfish/jaxb/txw2/4.0.5/txw2-4.0.5.jar:/Users/tylerantonaras/.m2/repository/com/sun/istack/istack-commons-runtime/4.1.2/istack-commons-runtime-4.1.2.jar:/Users/tylerantonaras/.m2/repository/jakarta/inject/jakarta.inject-api/2.0.1/jakarta.inject-api-2.0.1.jar:/Users/tylerantonaras/.m2/repository/org/antlr/antlr4-runtime/4.13.0/antlr4-runtime-4.13.0.jar:/Users/tylerantonaras/.m2/repository/org/springframework/data/spring-data-jpa/3.4.0/spring-data-jpa-3.4.0.jar:/Users/tylerantonaras/.m2/repository/org/springframework/data/spring-data-commons/3.4.0/spring-data-commons-3.4.0.jar:/Users/tylerantonaras/.m2/repository/org/springframework/spring-orm/6.2.0/spring-orm-6.2.0.jar:/Users/tylerantonaras/.m2/repository/org/springframework/spring-tx/6.2.0/spring-tx-6.2.0.jar:/Users/tylerantonaras/.m2/repository/org/slf4j/slf4j-api/2.0.16/slf4j-api-2.0.16.jar:/Users/tylerantonaras/.m2/repository/org/springframework/spring-aspects/6.2.0/spring-aspects-6.2.0.jar:/Users/tylerantonaras/.m2/repository/org/aspectj/aspectjweaver/1.9.22.1/aspectjweaver-1.9.22.1.jar:/Users/tylerantonaras/.m2/repository/com/mysql/mysql-connector-j/9.1.0/mysql-connector-j-9.1.0.jar:/Users/tylerantonaras/.m2/repository/jakarta/validation/jakarta.validation-api/3.0.2/jakarta.validation-api-3.0.2.jar:/Users/tylerantonaras/.m2/repository/org/springframework/boot/spring-boot-starter-test/3.4.0/spring-boot-starter-test-3.4.0.jar:/Users/tylerantonaras/.m2/repository/org/springframework/boot/spring-boot-test/3.4.0/spring-boot-test-3.4.0.jar:/Users/tylerantonaras/.m2/repository/org/springframework/boot/spring-boot-test-autoconfigure/3.4.0/spring-boot-test-autoconfigure-3.4.0.jar:/Users/tylerantonaras/.m2/repository/com/jayway/jsonpath/json-path/2.9.0/json-path-2.9.0.jar:/Users/tylerantonaras/.m2/repository/jakarta/xml/bind/jakarta.xml.bind-api/4.0.2/jakarta.xml.bind-api-4.0.2.jar:/Users/tylerantonaras/.m2/repository/jakarta/activation/jakarta.activation-api/2.1.3/jakarta.activation-api-2.1.3.jar:/Users/tylerantonaras/.m2/repository/net/minidev/json-smart/2.5.1/json-smart-2.5.1.jar:/Users/tylerantonaras/.m2/repository/net/minidev/accessors-smart/2.5.1/accessors-smart-2.5.1.jar:/Users/tylerantonaras/.m2/repository/org/ow2/asm/asm/9.6/asm-9.6.jar:/Users/tylerantonaras/.m2/repository/org/assertj/assertj-core/3.26.3/assertj-core-3.26.3.jar:/Users/tylerantonaras/.m2/repository/org/awaitility/awaitility/4.2.2/awaitility-4.2.2.jar:/Users/tylerantonaras/.m2/repository/org/hamcrest/hamcrest/2.2/hamcrest-2.2.jar:/Users/tylerantonaras/.m2/repository/org/junit/jupiter/junit-jupiter/5.11.3/junit-jupiter-5.11.3.jar:/Users/tylerantonaras/.m2/repository/org/junit/jupiter/junit-jupiter-api/5.11.3/junit-jupiter-api-5.11.3.jar:/Users/tylerantonaras/.m2/repository/org/opentest4j/opentest4j/1.3.0/opentest4j-1.3.0.jar:/Users/tylerantonaras/.m2/repository/org/junit/platform/junit-platform-commons/1.11.3/junit-platform-commons-1.11.3.jar:/Users/tylerantonaras/.m2/repository/org/apiguardian/apiguardian-api/1.1.2/apiguardian-api-1.1.2.jar:/Users/tylerantonaras/.m2/repository/org/junit/jupiter/junit-jupiter-params/5.11.3/junit-jupiter-params-5.11.3.jar:/Users/tylerantonaras/.m2/repository/org/junit/jupiter/junit-jupiter-engine/5.11.3/junit-jupiter-engine-5.11.3.jar:/Users/tylerantonaras/.m2/repository/org/junit/platform/junit-platform-engine/1.11.3/junit-platform-engine-1.11.3.jar:/Users/tylerantonaras/.m2/repository/org/mockito/mockito-core/5.14.2/mockito-core-5.14.2.jar:/Users/tylerantonaras/.m2/repository/net/bytebuddy/byte-buddy-agent/1.15.10/byte-buddy-agent-1.15.10.jar:/Users/tylerantonaras/.m2/repository/org/objenesis/objenesis/3.3/objenesis-3.3.jar:/Users/tylerantonaras/.m2/repository/org/mockito/mockito-junit-jupiter/5.14.2/mockito-junit-jupiter-5.14.2.jar:/Users/tylerantonaras/.m2/repository/org/skyscreamer/jsonassert/1.5.3/jsonassert-1.5.3.jar:/Users/tylerantonaras/.m2/repository/com/vaadin/external/google/android-json/0.0.20131108.vaadin1/android-json-0.0.20131108.vaadin1.jar:/Users/tylerantonaras/.m2/repository/org/springframework/spring-core/6.2.0/spring-core-6.2.0.jar:/Users/tylerantonaras/.m2/repository/org/springframework/spring-jcl/6.2.0/spring-jcl-6.2.0.jar:/Users/tylerantonaras/.m2/repository/org/springframework/spring-test/6.2.0/spring-test-6.2.0.jar:/Users/tylerantonaras/.m2/repository/org/xmlunit/xmlunit-core/2.10.0/xmlunit-core-2.10.0.jar:"/>
    <property name="sun.cpu.endian" value="little"/>
    <property name="user.home" value="/Users/tylerantonaras"/>
    <property name="user.language" value="en"/>
    <property name="java.specification.vendor" value="Oracle Corporation"/>
    <property name="java.version.date" value="2024-10-15"/>
    <property name="java.home" value="/opt/homebrew/Cellar/openjdk/23.0.1/libexec/openjdk.jdk/Contents/Home"/>
    <property name="file.separator" value="/"/>
    <property name="basedir" value="/Users/tylerantonaras/Desktop/Databases Project/restaurant-inventory"/>
    <property name="java.vm.compressedOopsMode" value="Zero based"/>
    <property name="line.separator" value="&#10;"/>
    <property name="java.vm.specification.vendor" value="Oracle Corporation"/>
    <property name="java.specification.name" value="Java Platform API Specification"/>
    <property name="FILE_LOG_CHARSET" value="UTF-8"/>
    <property name="java.awt.headless" value="true"/>
    <property name="apple.awt.application.name" value="ForkedBooter"/>
    <property name="surefire.real.class.path" value="/Users/tylerantonaras/Desktop/Databases Project/restaurant-inventory/target/surefire/surefirebooter-20241210010456012_3.jar"/>
    <property name="sun.management.compiler" value="HotSpot 64-Bit Tiered Compilers"/>
    <property name="ftp.nonProxyHosts" value="local|*.local|169.254/16|*.169.254/16"/>
    <property name="java.runtime.version" value="23.0.1"/>
    <property name="user.name" value="tylerantonaras"/>
    <property name="stdout.encoding" value="UTF-8"/>
    <property name="path.separator" value=":"/>
    <property name="os.version" value="14.1"/>
    <property name="java.runtime.name" value="OpenJDK Runtime Environment"/>
    <property name="file.encoding" value="UTF-8"/>
    <property name="java.vm.name" value="OpenJDK 64-Bit Server VM"/>
    <property name="java.vendor.version" value="Homebrew"/>
    <property name="localRepository" value="/Users/tylerantonaras/.m2/repository"/>
    <property name="java.vendor.url.bug" value="https://github.com/Homebrew/homebrew-core/issues"/>
    <property name="java.io.tmpdir" value="/var/folders/f8/hvr_c18131b9yzgm0t71krzr0000gn/T/"/>
    <property name="com.zaxxer.hikari.pool_number" value="1"/>
    <property name="java.version" value="23.0.1"/>
    <property name="user.dir" value="/Users/tylerantonaras/Desktop/Databases Project/restaurant-inventory"/>
    <property name="os.arch" value="aarch64"/>
    <property name="java.vm.specification.name" value="Java Virtual Machine Specification"/>
    <property name="PID" value="85883"/>
    <property name="CONSOLE_LOG_CHARSET" value="UTF-8"/>
    <property name="native.encoding" value="UTF-8"/>
    <property name="java.library.path" value="/Users/tylerantonaras/Library/Java/Extensions:/Library/Java/Extensions:/Network/Library/Java/Extensions:/System/Library/Java/Extensions:/usr/lib/java:."/>
    <property name="java.vm.info" value="mixed mode, sharing"/>
    <property name="stderr.encoding" value="UTF-8"/>
    <property name="java.vendor" value="Homebrew"/>
    <property name="java.vm.version" value="23.0.1"/>
    <property name="sun.io.unicode.encoding" value="UnicodeBig"/>
    <property name="socksNonProxyHosts" value="local|*.local|169.254/16|*.169.254/16"/>
    <property name="java.class.version" value="67.0"/>
    <property name="LOGGED_APPLICATION_NAME" value="[Restaurant Inventory] "/>
  </properties>
  <testcase name="contextLoads" classname="com.tyler.restaurant.inventory.RestaurantInventoryApplicationTests" time="0.276">
    <system-out><![CDATA[01:04:56.338 [main] INFO org.springframework.test.context.support.AnnotationConfigContextLoaderUtils -- Could not detect default configuration classes for test class [com.tyler.restaurant.inventory.RestaurantInventoryApplicationTests]: RestaurantInventoryApplicationTests does not declare any static, non-private, non-final, nested classes annotated with @Configuration.
01:04:56.398 [main] INFO org.springframework.boot.test.context.SpringBootTestContextBootstrapper -- Found @SpringBootConfiguration com.tyler.restaurant.inventory.RestaurantInventoryApplication for test class com.tyler.restaurant.inventory.RestaurantInventoryApplicationTests

  .   ____          _            __ _ _
 /\\ / ___'_ __ _ _(_)_ __  __ _ \ \ \ \
( ( )\___ | '_ | '_| | '_ \/ _` | \ \ \ \
 \\/  ___)| |_)| | | | | || (_| |  ) ) ) )
  '  |____| .__|_| |_|_| |_\__, | / / / /
 =========|_|==============|___/=/_/_/_/

 :: Spring Boot ::                (v3.4.0)

2024-12-10T01:04:56.552-05:00  INFO 85883 --- [Restaurant Inventory] [           main] .r.i.RestaurantInventoryApplicationTests : Starting RestaurantInventoryApplicationTests using Java 23.0.1 with PID 85883 (started by tylerantonaras in /Users/tylerantonaras/Desktop/Databases Project/restaurant-inventory)
2024-12-10T01:04:56.552-05:00 DEBUG 85883 --- [Restaurant Inventory] [           main] .r.i.RestaurantInventoryApplicationTests : Running with Spring Boot v3.4.0, Spring v6.2.0
2024-12-10T01:04:56.552-05:00  INFO 85883 --- [Restaurant Inventory] [           main] .r.i.RestaurantInventoryApplicationTests : No active profile set, falling back to 1 default profile: "default"
2024-12-10T01:04:56.801-05:00  INFO 85883 --- [Restaurant Inventory] [           main] .s.d.r.c.RepositoryConfigurationDelegate : Bootstrapping Spring Data JPA repositories in DEFAULT mode.
2024-12-10T01:04:56.824-05:00  INFO 85883 --- [Restaurant Inventory] [           main] .s.d.r.c.RepositoryConfigurationDelegate : Finished Spring Data repository scanning in 19 ms. Found 6 JPA repository interfaces.
2024-12-10T01:04:57.002-05:00  INFO 85883 --- [Restaurant Inventory] [           main] o.hibernate.jpa.internal.util.LogHelper  : HHH000204: Processing PersistenceUnitInfo [name: default]
2024-12-10T01:04:57.026-05:00  INFO 85883 --- [Restaurant Inventory] [           main] org.hibernate.Version                    : HHH000412: Hibernate ORM core version 6.6.2.Final
2024-12-10T01:04:57.039-05:00  INFO 85883 --- [Restaurant Inventory] [           main] o.h.c.internal.RegionFactoryInitiator    : HHH000026: Second-level cache disabled
2024-12-10T01:04:57.159-05:00  INFO 85883 --- [Restaurant Inventory] [           main] o.s.o.j.p.SpringPersistenceUnitInfo      : No LoadTimeWeaver setup: ignoring JPA class transformer
2024-12-10T01:04:57.170-05:00  INFO 85883 --- [Restaurant Inventory] [           main] com.zaxxer.hikari.HikariDataSource       : HikariPool-1 - Starting...
2024-12-10T01:04:57.356-05:00  INFO 85883 --- [Restaurant Inventory] [           main] com.zaxxer.hikari.pool.HikariPool        : HikariPool-1 - Added connection com.mysql.cj.jdbc.ConnectionImpl@1ed9d173
2024-12-10T01:04:57.356-05:00  INFO 85883 --- [Restaurant Inventory] [           main] com.zaxxer.hikari.HikariDataSource       : HikariPool-1 - Start completed.
2024-12-10T01:04:57.381-05:00  WARN 85883 --- [Restaurant Inventory] [           main] org.hibernate.orm.deprecation            : HHH90000025: MySQLDialect does not need to be specified explicitly using 'hibernate.dialect' (remove the property setting and it will be selected by default)
2024-12-10T01:04:57.391-05:00  INFO 85883 --- [Restaurant Inventory] [           main] org.hibernate.orm.connections.pooling    : HHH10001005: Database info:
	Database JDBC URL [Connecting through datasource 'HikariDataSource (HikariPool-1)']
	Database driver: undefined/unknown
	Database version: 9.0.1
	Autocommit mode: undefined/unknown
	Isolation level: undefined/unknown
	Minimum pool size: undefined/unknown
	Maximum pool size: undefined/unknown
2024-12-10T01:04:57.766-05:00  INFO 85883 --- [Restaurant Inventory] [           main] o.h.e.t.j.p.i.JtaPlatformInitiator       : HHH000489: No JTA platform available (set 'hibernate.transaction.jta.platform' to enable JTA platform integration)
2024-12-10T01:04:57.771-05:00 DEBUG 85883 --- [Restaurant Inventory] [           main] org.hibernate.SQL                        : 
    alter table order_details 
       drop 
       foreign key FKsk45hltk0rmbw3qecu1n32gmx
Hibernate: 
    alter table order_details 
       drop 
       foreign key FKsk45hltk0rmbw3qecu1n32gmx
2024-12-10T01:04:57.783-05:00 DEBUG 85883 --- [Restaurant Inventory] [           main] org.hibernate.SQL                        : 
    alter table order_details 
       drop 
       foreign key FKjyu2qbqt8gnvno9oe9j2s2ldk
Hibernate: 
    alter table order_details 
       drop 
       foreign key FKjyu2qbqt8gnvno9oe9j2s2ldk
2024-12-10T01:04:57.789-05:00 DEBUG 85883 --- [Restaurant Inventory] [           main] org.hibernate.SQL                        : 
    alter table orders 
       drop 
       foreign key FK6ngm572vyx5jsvvahtgbk7jml
Hibernate: 
    alter table orders 
       drop 
       foreign key FK6ngm572vyx5jsvvahtgbk7jml
2024-12-10T01:04:57.795-05:00 DEBUG 85883 --- [Restaurant Inventory] [           main] org.hibernate.SQL                        : 
    alter table recipes 
       drop 
       foreign key FKp2d99nkbj5vqd7j48l47s55mp
Hibernate: 
    alter table recipes 
       drop 
       foreign key FKp2d99nkbj5vqd7j48l47s55mp
2024-12-10T01:04:57.812-05:00 DEBUG 85883 --- [Restaurant Inventory] [           main] org.hibernate.SQL                        : 
    alter table recipes 
       drop 
       foreign key FKe6pmr90w4ijsjqwvygw7clx5w
Hibernate: 
    alter table recipes 
       drop 
       foreign key FKe6pmr90w4ijsjqwvygw7clx5w
2024-12-10T01:04:57.817-05:00 DEBUG 85883 --- [Restaurant Inventory] [           main] org.hibernate.SQL                        : 
    drop table if exists ingredients
Hibernate: 
    drop table if exists ingredients
2024-12-10T01:04:57.822-05:00 DEBUG 85883 --- [Restaurant Inventory] [           main] org.hibernate.SQL                        : 
    drop table if exists menu_items
Hibernate: 
    drop table if exists menu_items
2024-12-10T01:04:57.826-05:00 DEBUG 85883 --- [Restaurant Inventory] [           main] org.hibernate.SQL                        : 
    drop table if exists order_details
Hibernate: 
    drop table if exists order_details
2024-12-10T01:04:57.830-05:00 DEBUG 85883 --- [Restaurant Inventory] [           main] org.hibernate.SQL                        : 
    drop table if exists orders
Hibernate: 
    drop table if exists orders
2024-12-10T01:04:57.834-05:00 DEBUG 85883 --- [Restaurant Inventory] [           main] org.hibernate.SQL                        : 
    drop table if exists recipes
Hibernate: 
    drop table if exists recipes
2024-12-10T01:04:57.838-05:00 DEBUG 85883 --- [Restaurant Inventory] [           main] org.hibernate.SQL                        : 
    drop table if exists suppliers
Hibernate: 
    drop table if exists suppliers
2024-12-10T01:04:57.846-05:00 DEBUG 85883 --- [Restaurant Inventory] [           main] org.hibernate.SQL                        : 
    create table ingredients (
        reorder_level integer,
        stock_quantity integer,
        ingredient_id bigint not null auto_increment,
        category varchar(255),
        name varchar(255) not null,
        unit_of_measure varchar(255),
        primary key (ingredient_id)
    ) engine=InnoDB
Hibernate: 
    create table ingredients (
        reorder_level integer,
        stock_quantity integer,
        ingredient_id bigint not null auto_increment,
        category varchar(255),
        name varchar(255) not null,
        unit_of_measure varchar(255),
        primary key (ingredient_id)
    ) engine=InnoDB
2024-12-10T01:04:57.852-05:00 DEBUG 85883 --- [Restaurant Inventory] [           main] org.hibernate.SQL                        : 
    create table menu_items (
        price decimal(38,2) not null,
        menu_item_id bigint not null auto_increment,
        description varchar(255),
        name varchar(255) not null,
        primary key (menu_item_id)
    ) engine=InnoDB
Hibernate: 
    create table menu_items (
        price decimal(38,2) not null,
        menu_item_id bigint not null auto_increment,
        description varchar(255),
        name varchar(255) not null,
        primary key (menu_item_id)
    ) engine=InnoDB
2024-12-10T01:04:57.857-05:00 DEBUG 85883 --- [Restaurant Inventory] [           main] org.hibernate.SQL                        : 
    create table order_details (
        quantity integer not null,
        unit_price decimal(38,2) not null,
        ingredient_id bigint not null,
        order_detail_id bigint not null auto_increment,
        order_id bigint not null,
        primary key (order_detail_id)
    ) engine=InnoDB
Hibernate: 
    create table order_details (
        quantity integer not null,
        unit_price decimal(38,2) not null,
        ingredient_id bigint not null,
        order_detail_id bigint not null auto_increment,
        order_id bigint not null,
        primary key (order_detail_id)
    ) engine=InnoDB
2024-12-10T01:04:57.863-05:00 DEBUG 85883 --- [Restaurant Inventory] [           main] org.hibernate.SQL                        : 
    create table orders (
        TotalCost decimal(38,2),
        OrderDate datetime(6),
        OrderID bigint not null auto_increment,
        SupplierID bigint,
        Status varchar(255),
        primary key (OrderID)
    ) engine=InnoDB
Hibernate: 
    create table orders (
        TotalCost decimal(38,2),
        OrderDate datetime(6),
        OrderID bigint not null auto_increment,
        SupplierID bigint,
        Status varchar(255),
        primary key (OrderID)
    ) engine=InnoDB
2024-12-10T01:04:57.870-05:00 DEBUG 85883 --- [Restaurant Inventory] [           main] org.hibernate.SQL                        : 
    create table recipes (
        quantity decimal(38,2) not null,
        ingredient_id bigint not null,
        menu_item_id bigint not null,
        recipe_id bigint not null auto_increment,
        primary key (recipe_id)
    ) engine=InnoDB
Hibernate: 
    create table recipes (
        quantity decimal(38,2) not null,
        ingredient_id bigint not null,
        menu_item_id bigint not null,
        recipe_id bigint not null auto_increment,
        primary key (recipe_id)
    ) engine=InnoDB
2024-12-10T01:04:57.875-05:00 DEBUG 85883 --- [Restaurant Inventory] [           main] org.hibernate.SQL                        : 
    create table suppliers (
        supplier_id bigint not null auto_increment,
        address varchar(255),
        contact_info varchar(255),
        email varchar(255),
        name varchar(255) not null,
        phone varchar(255),
        primary key (supplier_id)
    ) engine=InnoDB
Hibernate: 
    create table suppliers (
        supplier_id bigint not null auto_increment,
        address varchar(255),
        contact_info varchar(255),
        email varchar(255),
        name varchar(255) not null,
        phone varchar(255),
        primary key (supplier_id)
    ) engine=InnoDB
2024-12-10T01:04:57.882-05:00 DEBUG 85883 --- [Restaurant Inventory] [           main] org.hibernate.SQL                        : 
    alter table order_details 
       add constraint FKsk45hltk0rmbw3qecu1n32gmx 
       foreign key (ingredient_id) 
       references ingredients (ingredient_id)
Hibernate: 
    alter table order_details 
       add constraint FKsk45hltk0rmbw3qecu1n32gmx 
       foreign key (ingredient_id) 
       references ingredients (ingredient_id)
2024-12-10T01:04:57.899-05:00 DEBUG 85883 --- [Restaurant Inventory] [           main] org.hibernate.SQL                        : 
    alter table order_details 
       add constraint FKjyu2qbqt8gnvno9oe9j2s2ldk 
       foreign key (order_id) 
       references orders (OrderID)
Hibernate: 
    alter table order_details 
       add constraint FKjyu2qbqt8gnvno9oe9j2s2ldk 
       foreign key (order_id) 
       references orders (OrderID)
2024-12-10T01:04:57.913-05:00 DEBUG 85883 --- [Restaurant Inventory] [           main] org.hibernate.SQL                        : 
    alter table orders 
       add constraint FK6ngm572vyx5jsvvahtgbk7jml 
       foreign key (SupplierID) 
       references suppliers (supplier_id)
Hibernate: 
    alter table orders 
       add constraint FK6ngm572vyx5jsvvahtgbk7jml 
       foreign key (SupplierID) 
       references suppliers (supplier_id)
2024-12-10T01:04:57.926-05:00 DEBUG 85883 --- [Restaurant Inventory] [           main] org.hibernate.SQL                        : 
    alter table recipes 
       add constraint FKp2d99nkbj5vqd7j48l47s55mp 
       foreign key (ingredient_id) 
       references ingredients (ingredient_id)
Hibernate: 
    alter table recipes 
       add constraint FKp2d99nkbj5vqd7j48l47s55mp 
       foreign key (ingredient_id) 
       references ingredients (ingredient_id)
2024-12-10T01:04:57.933-05:00 DEBUG 85883 --- [Restaurant Inventory] [           main] org.hibernate.SQL                        : 
    alter table recipes 
       add constraint FKe6pmr90w4ijsjqwvygw7clx5w 
       foreign key (menu_item_id) 
       references menu_items (menu_item_id)
Hibernate: 
    alter table recipes 
       add constraint FKe6pmr90w4ijsjqwvygw7clx5w 
       foreign key (menu_item_id) 
       references menu_items (menu_item_id)
2024-12-10T01:04:57.942-05:00  INFO 85883 --- [Restaurant Inventory] [           main] j.LocalContainerEntityManagerFactoryBean : Initialized JPA EntityManagerFactory for persistence unit 'default'
2024-12-10T01:04:58.069-05:00  INFO 85883 --- [Restaurant Inventory] [           main] o.s.d.j.r.query.QueryEnhancerFactory     : Hibernate is in classpath; If applicable, HQL parser will be used.
2024-12-10T01:04:58.517-05:00  WARN 85883 --- [Restaurant Inventory] [           main] JpaBaseConfiguration$JpaWebConfiguration : spring.jpa.open-in-view is enabled by default. Therefore, database queries may be performed during view rendering. Explicitly configure spring.jpa.open-in-view to disable this warning
2024-12-10T01:04:58.660-05:00  INFO 85883 --- [Restaurant Inventory] [           main] .r.i.RestaurantInventoryApplicationTests : Started RestaurantInventoryApplicationTests in 2.208 seconds (process running for 2.614)
]]></system-out>
    <system-err><![CDATA[Mockito is currently self-attaching to enable the inline-mock-maker. This will no longer work in future releases of the JDK. Please add Mockito as an agent to your build what is described in Mockito's documentation: https://javadoc.io/doc/org.mockito/mockito-core/latest/org/mockito/Mockito.html#0.3
WARNING: A Java agent has been loaded dynamically (/Users/tylerantonaras/.m2/repository/net/bytebuddy/byte-buddy-agent/1.15.10/byte-buddy-agent-1.15.10.jar)
WARNING: If a serviceability tool is in use, please run with -XX:+EnableDynamicAgentLoading to hide this warning
WARNING: If a serviceability tool is not in use, please run with -Djdk.instrument.traceUsage for more information
WARNING: Dynamic loading of agents will be disallowed by default in a future release
]]></system-err>
  </testcase>
</testsuite>